  Assembling Lab_11_SignedMultiplicationDivision.asm...
Lab_11_SignedMultiplicationDivision.asm(2): error A2008: syntax error : .
Lab_11_SignedMultiplicationDivision.asm(3): error A2008: syntax error : .
Lab_11_SignedMultiplicationDivision.asm(4): error A2008: syntax error : .
Lab_11_SignedMultiplicationDivision.asm(6): error A2008: syntax error : ,
Lab_11_SignedMultiplicationDivision.asm(22): error A2001: immediate operand not allowed
Lab_11_SignedMultiplicationDivision.asm(27): error A2008: syntax error : Invoke
Lab_11_SignedMultiplicationDivision.asm(30): error A2008: syntax error : main
Lab_11_SignedMultiplicationDivision.asm(30): error A2088: END directive required at end of file
C:\Program Files\Microsoft Visual Studio\2022\Community\MSBuild\Microsoft\VC\v170\BuildCustomizations\masm.targets(70,5): error MSB3721: The command "ml64.exe /c /nologo /Zi /Fo"x64\Debug\Lab_11_SignedMultiplicationDivision.obj" /W3 /errorReport:prompt  /TaLab_11_SignedMultiplicationDivision.asm" exited with code 1.
