  Assembling Lab_12_task_1.asm...
Lab_12_task_1.asm(2): error A2008: syntax error : .
Lab_12_task_1.asm(3): error A2008: syntax error : .
Lab_12_task_1.asm(4): error A2008: syntax error : .
Lab_12_task_1.asm(6): error A2008: syntax error : ,
Lab_12_task_1.asm(19): error A2008: syntax error : Invoke
Lab_12_task_1.asm(22): error A2008: syntax error : main
Lab_12_task_1.asm(22): error A2088: END directive required at end of file
C:\Program Files\Microsoft Visual Studio\2022\Community\MSBuild\Microsoft\VC\v170\BuildCustomizations\masm.targets(70,5): error MSB3721: The command "ml64.exe /c /nologo /Zi /Fo"x64\Debug\Lab_12_task_1.obj" /W3 /errorReport:prompt  /TaLab_12_task_1.asm" exited with code 1.
